[Fri, 15 Oct 2021 21:50:13 +0700] [localhost] [::1] [Notice(8): Undefined variable: rowcontent] [FILE: /modules/nghenhac/admin/manage_type.php] [LINE: 15]
[Fri, 15 Oct 2021 21:50:13 +0700] [localhost] [::1] [Notice(8): Undefined variable: copy] [FILE: /modules/nghenhac/admin/manage_type.php] [LINE: 16]
[Fri, 15 Oct 2021 21:58:43 +0700] [localhost] [::1] [Error(1): Uncaught exception 'PDOException' with message 'SQLSTATE[42S22]: Column not found: 1054 Unknown column 'add_time' in 'order clause'' in C:\xampp\htdocs\nukeviet\vendor\vinades\nukeviet\Core\Database.php:495
Stack trace:
#0 C:\xampp\htdocs\nukeviet\vendor\vinades\nukeviet\Core\Database.php(495): PDO->query('SELECT * FROM n...')
#1 C:\xampp\htdocs\nukeviet\modules\nghenhac\admin\manage_type.php(74): NukeViet\Core\Database->query('SELECT * FROM n...')
#2 C:\xampp\htdocs\nukeviet\admin\index.php(176): require('C:\\xampp\\htdocs...')
#3 {main}
  thrown] [FILE: /vendor/vinades/nukeviet/Core/Database.php] [LINE: 495]
[Fri, 15 Oct 2021 22:10:25 +0700] [localhost] [::1] [Notice(8): Undefined variable: rowcontent] [FILE: /modules/nghenhac/funcs/main.php] [LINE: 16]
[Fri, 15 Oct 2021 22:10:25 +0700] [localhost] [::1] [Notice(8): Undefined variable: copy] [FILE: /modules/nghenhac/funcs/main.php] [LINE: 17]
[Fri, 15 Oct 2021 22:10:25 +0700] [localhost] [::1] [Notice(8): A session had already been started - ignoring session_start()] [FILE: /modules/nghenhac/funcs/managetype.php] [LINE: 10]
[Fri, 15 Oct 2021 22:10:28 +0700] [localhost] [::1] [Notice(8): A session had already been started - ignoring session_start()] [FILE: /modules/users/funcs/main.php] [LINE: 10]
[Fri, 15 Oct 2021 22:10:30 +0700] [localhost] [::1] [Notice(8): A session had already been started - ignoring session_start()] [FILE: /modules/users/funcs/logout.php] [LINE: 10]
[Fri, 15 Oct 2021 22:10:32 +0700] [localhost] [::1] [Notice(8): A session had already been started - ignoring session_start()] [FILE: /modules/users/funcs/login.php] [LINE: 10]
[Fri, 15 Oct 2021 22:10:36 +0700] [localhost] [::1] [Notice(8): A session had already been started - ignoring session_start()] [FILE: /includes/core/admin_login.php] [LINE: 10]
[Fri, 15 Oct 2021 22:21:45 +0700] [localhost] [::1] [Notice(8): Undefined variable: query] [FILE: /modules/nghenhac/funcs/managetype.php] [LINE: 22]
[Fri, 15 Oct 2021 22:23:03 +0700] [localhost] [::1] [Notice(8): Array to string conversion] [FILE: /modules/nghenhac/funcs/managetype.php] [LINE: 27]
[Fri, 15 Oct 2021 23:31:23 +0700] [localhost] [::1] [Error(1): Uncaught exception 'PDOException' with message 'SQLSTATE[42S02]: Base table or view not found: 1146 Table 'nukeviet.nv4_vi_music_game_max_results' doesn't exist' in C:\xampp\htdocs\nukeviet\vendor\vinades\nukeviet\Core\Database.php:520
Stack trace:
#0 C:\xampp\htdocs\nukeviet\vendor\vinades\nukeviet\Core\Database.php(520): PDO->prepare('INSERT INTO nv4...', Array)
#1 C:\xampp\htdocs\nukeviet\modules\nghenhac\funcs\managetype.php(49): NukeViet\Core\Database->prepare('INSERT INTO nv4...')
#2 C:\xampp\htdocs\nukeviet\index.php(343): require('C:\\xampp\\htdocs...')
#3 {main}
  thrown] [FILE: /vendor/vinades/nukeviet/Core/Database.php] [LINE: 520]
[Fri, 15 Oct 2021 23:43:55 +0700] [localhost] [::1] [Notice(8): Undefined variable: diem] [FILE: /modules/nghenhac/funcs/managetype.php] [LINE: 69]
[Fri, 15 Oct 2021 23:46:24 +0700] [localhost] [::1] [Runtime Notice(2048): Only variables should be passed by reference] [FILE: /modules/nghenhac/funcs/managetype.php] [LINE: 63]
